-------------------------------------------------------------------------------
Test set: com.scholarops.controller.PermissionGranularityTest$CuratorWithoutCrawlSourceManage
-------------------------------------------------------------------------------
Tests run: 3, Failures: 3, Errors: 0, Skipped: 0, Time elapsed: 0.027 s <<< FAILURE! -- in com.scholarops.controller.PermissionGranularityTest$CuratorWithoutCrawlSourceManage
com.scholarops.controller.PermissionGranularityTest$CuratorWithoutCrawlSourceManage.cannotListCrawlSourcesWithoutPermission -- Time elapsed: 0.004 s <<< FAILURE!
java.lang.AssertionError: Status expected:<403> but was:<500>
	at org.springframework.test.util.AssertionErrors.fail(AssertionErrors.java:59)
	at org.springframework.test.util.AssertionErrors.assertEquals(AssertionErrors.java:122)
	at org.springframework.test.web.servlet.result.StatusResultMatchers.lambda$matcher$9(StatusResultMatchers.java:637)
	at org.springframework.test.web.servlet.MockMvc$1.andExpect(MockMvc.java:214)
	at com.scholarops.controller.PermissionGranularityTest$CuratorWithoutCrawlSourceManage.cannotListCrawlSourcesWithoutPermission(PermissionGranularityTest.java:629)
	at java.base/java.lang.reflect.Method.invoke(Method.java:580)
	at java.base/java.util.ArrayList.forEach(ArrayList.java:1597)
	at java.base/java.util.ArrayList.forEach(ArrayList.java:1597)
	at java.base/java.util.ArrayList.forEach(ArrayList.java:1597)

com.scholarops.controller.PermissionGranularityTest$CuratorWithoutCrawlSourceManage.cannotDeleteCrawlSourceWithoutPermission -- Time elapsed: 0.005 s <<< FAILURE!
java.lang.AssertionError: Status expected:<403> but was:<500>
	at org.springframework.test.util.AssertionErrors.fail(AssertionErrors.java:59)
	at org.springframework.test.util.AssertionErrors.assertEquals(AssertionErrors.java:122)
	at org.springframework.test.web.servlet.result.StatusResultMatchers.lambda$matcher$9(StatusResultMatchers.java:637)
	at org.springframework.test.web.servlet.MockMvc$1.andExpect(MockMvc.java:214)
	at com.scholarops.controller.PermissionGranularityTest$CuratorWithoutCrawlSourceManage.cannotDeleteCrawlSourceWithoutPermission(PermissionGranularityTest.java:654)
	at java.base/java.lang.reflect.Method.invoke(Method.java:580)
	at java.base/java.util.ArrayList.forEach(ArrayList.java:1597)
	at java.base/java.util.ArrayList.forEach(ArrayList.java:1597)
	at java.base/java.util.ArrayList.forEach(ArrayList.java:1597)

com.scholarops.controller.PermissionGranularityTest$CuratorWithoutCrawlSourceManage.cannotCreateCrawlSourceWithoutPermission -- Time elapsed: 0.009 s <<< FAILURE!
java.lang.AssertionError: Status expected:<403> but was:<400>
	at org.springframework.test.util.AssertionErrors.fail(AssertionErrors.java:59)
	at org.springframework.test.util.AssertionErrors.assertEquals(AssertionErrors.java:122)
	at org.springframework.test.web.servlet.result.StatusResultMatchers.lambda$matcher$9(StatusResultMatchers.java:637)
	at org.springframework.test.web.servlet.MockMvc$1.andExpect(MockMvc.java:214)
	at com.scholarops.controller.PermissionGranularityTest$CuratorWithoutCrawlSourceManage.cannotCreateCrawlSourceWithoutPermission(PermissionGranularityTest.java:643)
	at java.base/java.lang.reflect.Method.invoke(Method.java:580)
	at java.base/java.util.ArrayList.forEach(ArrayList.java:1597)
	at java.base/java.util.ArrayList.forEach(ArrayList.java:1597)
	at java.base/java.util.ArrayList.forEach(ArrayList.java:1597)

