-------------------------------------------------------------------------------
Test set: com.scholarops.controller.CatalogAccessTest$CatalogWithoutContentView
-------------------------------------------------------------------------------
Tests run: 4, Failures: 4, Errors: 0, Skipped: 0, Time elapsed: 0.014 s <<< FAILURE! -- in com.scholarops.controller.CatalogAccessTest$CatalogWithoutContentView
com.scholarops.controller.CatalogAccessTest$CatalogWithoutContentView.studentCannotSearchWithoutPermission -- Time elapsed: 0.002 s <<< FAILURE!
java.lang.AssertionError: Status expected:<403> but was:<200>
	at org.springframework.test.util.AssertionErrors.fail(AssertionErrors.java:59)
	at org.springframework.test.util.AssertionErrors.assertEquals(AssertionErrors.java:122)
	at org.springframework.test.web.servlet.result.StatusResultMatchers.lambda$matcher$9(StatusResultMatchers.java:637)
	at org.springframework.test.web.servlet.MockMvc$1.andExpect(MockMvc.java:214)
	at com.scholarops.controller.CatalogAccessTest$CatalogWithoutContentView.studentCannotSearchWithoutPermission(CatalogAccessTest.java:189)
	at java.base/java.lang.reflect.Method.invoke(Method.java:580)
	at java.base/java.util.ArrayList.forEach(ArrayList.java:1597)
	at java.base/java.util.ArrayList.forEach(ArrayList.java:1597)
	at java.base/java.util.ArrayList.forEach(ArrayList.java:1597)

com.scholarops.controller.CatalogAccessTest$CatalogWithoutContentView.adminCannotSearchWithoutPermission -- Time elapsed: 0.002 s <<< FAILURE!
java.lang.AssertionError: Status expected:<403> but was:<200>
	at org.springframework.test.util.AssertionErrors.fail(AssertionErrors.java:59)
	at org.springframework.test.util.AssertionErrors.assertEquals(AssertionErrors.java:122)
	at org.springframework.test.web.servlet.result.StatusResultMatchers.lambda$matcher$9(StatusResultMatchers.java:637)
	at org.springframework.test.web.servlet.MockMvc$1.andExpect(MockMvc.java:214)
	at com.scholarops.controller.CatalogAccessTest$CatalogWithoutContentView.adminCannotSearchWithoutPermission(CatalogAccessTest.java:222)
	at java.base/java.lang.reflect.Method.invoke(Method.java:580)
	at java.base/java.util.ArrayList.forEach(ArrayList.java:1597)
	at java.base/java.util.ArrayList.forEach(ArrayList.java:1597)
	at java.base/java.util.ArrayList.forEach(ArrayList.java:1597)

com.scholarops.controller.CatalogAccessTest$CatalogWithoutContentView.instructorCannotSearchWithoutPermission -- Time elapsed: 0.002 s <<< FAILURE!
java.lang.AssertionError: Status expected:<403> but was:<200>
	at org.springframework.test.util.AssertionErrors.fail(AssertionErrors.java:59)
	at org.springframework.test.util.AssertionErrors.assertEquals(AssertionErrors.java:122)
	at org.springframework.test.web.servlet.result.StatusResultMatchers.lambda$matcher$9(StatusResultMatchers.java:637)
	at org.springframework.test.web.servlet.MockMvc$1.andExpect(MockMvc.java:214)
	at com.scholarops.controller.CatalogAccessTest$CatalogWithoutContentView.instructorCannotSearchWithoutPermission(CatalogAccessTest.java:211)
	at java.base/java.lang.reflect.Method.invoke(Method.java:580)
	at java.base/java.util.ArrayList.forEach(ArrayList.java:1597)
	at java.base/java.util.ArrayList.forEach(ArrayList.java:1597)
	at java.base/java.util.ArrayList.forEach(ArrayList.java:1597)

com.scholarops.controller.CatalogAccessTest$CatalogWithoutContentView.studentCannotGetItemWithoutPermission -- Time elapsed: 0.002 s <<< FAILURE!
java.lang.AssertionError: Status expected:<403> but was:<200>
	at org.springframework.test.util.AssertionErrors.fail(AssertionErrors.java:59)
	at org.springframework.test.util.AssertionErrors.assertEquals(AssertionErrors.java:122)
	at org.springframework.test.web.servlet.result.StatusResultMatchers.lambda$matcher$9(StatusResultMatchers.java:637)
	at org.springframework.test.web.servlet.MockMvc$1.andExpect(MockMvc.java:214)
	at com.scholarops.controller.CatalogAccessTest$CatalogWithoutContentView.studentCannotGetItemWithoutPermission(CatalogAccessTest.java:200)
	at java.base/java.lang.reflect.Method.invoke(Method.java:580)
	at java.base/java.util.ArrayList.forEach(ArrayList.java:1597)
	at java.base/java.util.ArrayList.forEach(ArrayList.java:1597)
	at java.base/java.util.ArrayList.forEach(ArrayList.java:1597)

