-------------------------------------------------------------------------------
Test set: com.scholarops.controller.PermissionGranularityTest$CorrectRoleAndPermissionGrantsAccess
-------------------------------------------------------------------------------
Tests run: 4, Failures: 2, Errors: 0, Skipped: 0, Time elapsed: 0.033 s <<< FAILURE! -- in com.scholarops.controller.PermissionGranularityTest$CorrectRoleAndPermissionGrantsAccess
com.scholarops.controller.PermissionGranularityTest$CorrectRoleAndPermissionGrantsAccess.instructorWithQuizManageCanList -- Time elapsed: 0.005 s <<< FAILURE!
java.lang.AssertionError: Status expected:<200> but was:<500>
	at org.springframework.test.util.AssertionErrors.fail(AssertionErrors.java:59)
	at org.springframework.test.util.AssertionErrors.assertEquals(AssertionErrors.java:122)
	at org.springframework.test.web.servlet.result.StatusResultMatchers.lambda$matcher$9(StatusResultMatchers.java:637)
	at org.springframework.test.web.servlet.MockMvc$1.andExpect(MockMvc.java:214)
	at com.scholarops.controller.PermissionGranularityTest$CorrectRoleAndPermissionGrantsAccess.instructorWithQuizManageCanList(PermissionGranularityTest.java:715)
	at java.base/java.lang.reflect.Method.invoke(Method.java:580)
	at java.base/java.util.ArrayList.forEach(ArrayList.java:1597)
	at java.base/java.util.ArrayList.forEach(ArrayList.java:1597)
	at java.base/java.util.ArrayList.forEach(ArrayList.java:1597)

com.scholarops.controller.PermissionGranularityTest$CorrectRoleAndPermissionGrantsAccess.studentWithQuizTakeCanStart -- Time elapsed: 0.005 s <<< FAILURE!
java.lang.AssertionError: Status expected:<201> but was:<500>
	at org.springframework.test.util.AssertionErrors.fail(AssertionErrors.java:59)
	at org.springframework.test.util.AssertionErrors.assertEquals(AssertionErrors.java:122)
	at org.springframework.test.web.servlet.result.StatusResultMatchers.lambda$matcher$9(StatusResultMatchers.java:637)
	at org.springframework.test.web.servlet.MockMvc$1.andExpect(MockMvc.java:214)
	at com.scholarops.controller.PermissionGranularityTest$CorrectRoleAndPermissionGrantsAccess.studentWithQuizTakeCanStart(PermissionGranularityTest.java:744)
	at java.base/java.lang.reflect.Method.invoke(Method.java:580)
	at java.base/java.util.ArrayList.forEach(ArrayList.java:1597)
	at java.base/java.util.ArrayList.forEach(ArrayList.java:1597)
	at java.base/java.util.ArrayList.forEach(ArrayList.java:1597)

