-------------------------------------------------------------------------------
Test set: com.scholarops.controller.PermissionGranularityTest$StudentWithoutScheduleManageOwn
-------------------------------------------------------------------------------
Tests run: 3, Failures: 3, Errors: 0, Skipped: 0, Time elapsed: 0.022 s <<< FAILURE! -- in com.scholarops.controller.PermissionGranularityTest$StudentWithoutScheduleManageOwn
com.scholarops.controller.PermissionGranularityTest$StudentWithoutScheduleManageOwn.cannotUndoWithoutPermission -- Time elapsed: 0.005 s <<< FAILURE!
java.lang.AssertionError: Status expected:<403> but was:<500>
	at org.springframework.test.util.AssertionErrors.fail(AssertionErrors.java:59)
	at org.springframework.test.util.AssertionErrors.assertEquals(AssertionErrors.java:122)
	at org.springframework.test.web.servlet.result.StatusResultMatchers.lambda$matcher$9(StatusResultMatchers.java:637)
	at org.springframework.test.web.servlet.MockMvc$1.andExpect(MockMvc.java:214)
	at com.scholarops.controller.PermissionGranularityTest$StudentWithoutScheduleManageOwn.cannotUndoWithoutPermission(PermissionGranularityTest.java:317)
	at java.base/java.lang.reflect.Method.invoke(Method.java:580)
	at java.base/java.util.ArrayList.forEach(ArrayList.java:1597)
	at java.base/java.util.ArrayList.forEach(ArrayList.java:1597)
	at java.base/java.util.ArrayList.forEach(ArrayList.java:1597)

com.scholarops.controller.PermissionGranularityTest$StudentWithoutScheduleManageOwn.cannotMoveWithoutPermission -- Time elapsed: 0.006 s <<< FAILURE!
java.lang.AssertionError: Status expected:<403> but was:<400>
	at org.springframework.test.util.AssertionErrors.fail(AssertionErrors.java:59)
	at org.springframework.test.util.AssertionErrors.assertEquals(AssertionErrors.java:122)
	at org.springframework.test.web.servlet.result.StatusResultMatchers.lambda$matcher$9(StatusResultMatchers.java:637)
	at org.springframework.test.web.servlet.MockMvc$1.andExpect(MockMvc.java:214)
	at com.scholarops.controller.PermissionGranularityTest$StudentWithoutScheduleManageOwn.cannotMoveWithoutPermission(PermissionGranularityTest.java:306)
	at java.base/java.lang.reflect.Method.invoke(Method.java:580)
	at java.base/java.util.ArrayList.forEach(ArrayList.java:1597)
	at java.base/java.util.ArrayList.forEach(ArrayList.java:1597)
	at java.base/java.util.ArrayList.forEach(ArrayList.java:1597)

com.scholarops.controller.PermissionGranularityTest$StudentWithoutScheduleManageOwn.cannotListSchedulesWithoutPermission -- Time elapsed: 0.004 s <<< FAILURE!
java.lang.AssertionError: Status expected:<403> but was:<500>
	at org.springframework.test.util.AssertionErrors.fail(AssertionErrors.java:59)
	at org.springframework.test.util.AssertionErrors.assertEquals(AssertionErrors.java:122)
	at org.springframework.test.web.servlet.result.StatusResultMatchers.lambda$matcher$9(StatusResultMatchers.java:637)
	at org.springframework.test.web.servlet.MockMvc$1.andExpect(MockMvc.java:214)
	at com.scholarops.controller.PermissionGranularityTest$StudentWithoutScheduleManageOwn.cannotListSchedulesWithoutPermission(PermissionGranularityTest.java:292)
	at java.base/java.lang.reflect.Method.invoke(Method.java:580)
	at java.base/java.util.ArrayList.forEach(ArrayList.java:1597)
	at java.base/java.util.ArrayList.forEach(ArrayList.java:1597)
	at java.base/java.util.ArrayList.forEach(ArrayList.java:1597)

